#-----------------------------------------------------------
# Vivado v2016.4 (64-bit)
# SW Build 1756540 on Mon Jan 23 19:11:23 MST 2017
# IP Build 1755317 on Mon Jan 23 20:30:07 MST 2017
# Start of session at: Thu Nov 03 22:36:56 2022
# Process ID: 25848
# Current directory: C:/Users/bolog/Desktop/Facultate/AC/Mips tot/MIPS FILA N/test2 - Copy - Copy/test_env
# Command line: vivado.exe -gui_launcher_event rodinguilauncherevent20180 C:\Users\bolog\Desktop\Facultate\AC\Mips tot\MIPS FILA N\test2 - Copy - Copy\test_env\test_env.xpr
# Log file: C:/Users/bolog/Desktop/Facultate/AC/Mips tot/MIPS FILA N/test2 - Copy - Copy/test_env/vivado.log
# Journal file: C:/Users/bolog/Desktop/Facultate/AC/Mips tot/MIPS FILA N/test2 - Copy - Copy/test_env\vivado.jou
#-----------------------------------------------------------
start_gui
open_project {C:/Users/bolog/Desktop/Facultate/AC/Mips tot/MIPS FILA N/test2 - Copy - Copy/test_env/test_env.xpr}
INFO: [ProjectBase 1-489] The host OS only allows 260 characters in a normal path. The project is stored in a path with more than 80 characters. If you experience issues with IP, Block Designs, or files not being found, please consider moving the project to a location with a shorter path. Alternately consider using the OS subst command to map part of the path to a drive letter.
Current project path is 'C:/Users/bolog/Desktop/Facultate/AC/Mips tot/MIPS FILA N/test2 - Copy - Copy/test_env'
INFO: [Project 1-313] Project file moved from 'C:/Users/bolog/Desktop/MIPS FILA N/test2 - Copy - Copy/test_env' since last save.
Scanning sources...
Finished scanning sources
INFO: [IP_Flow 19-234] Refreshing IP repositories
INFO: [IP_Flow 19-1704] No user IP repositories specified
INFO: [IP_Flow 19-2313] Loaded Vivado IP repository 'D:/prog_fac/xinxlin/instqalt/Vivado/2016.4/data/ip'.
